{"/Users/samuellocatel/Documents/Localizador-CNPJ/src/writer.js": {"path":"/Users/samuellocatel/Documents/Localizador-CNPJ/src/writer.js","statementMap":{"0":{"start":{"line":1,"column":16},"end":{"line":1,"column":34}},"1":{"start":{"line":2,"column":13},"end":{"line":2,"column":28}},"2":{"start":{"line":4,"column":16},"end":{"line":8,"column":1}},"3":{"start":{"line":11,"column":14},"end":{"line":11,"column":37}},"4":{"start":{"line":12,"column":15},"end":{"line":12,"column":48}},"5":{"start":{"line":13,"column":2},"end":{"line":13,"column":50}},"6":{"start":{"line":17,"column":19},"end":{"line":17,"column":41}},"7":{"start":{"line":18,"column":20},"end":{"line":18,"column":54}},"8":{"start":{"line":21,"column":2},"end":{"line":21,"column":28}},"9":{"start":{"line":24,"column":20},"end":{"line":24,"column":39}},"10":{"start":{"line":25,"column":2},"end":{"line":25,"column":34}},"11":{"start":{"line":26,"column":2},"end":{"line":30,"column":4}},"12":{"start":{"line":33,"column":2},"end":{"line":35,"column":3}},"13":{"start":{"line":34,"column":4},"end":{"line":34,"column":81}},"14":{"start":{"line":34,"column":40},"end":{"line":34,"column":78}},"15":{"start":{"line":38,"column":2},"end":{"line":40,"column":5}},"16":{"start":{"line":39,"column":4},"end":{"line":39,"column":19}},"17":{"start":{"line":42,"column":2},"end":{"line":42,"column":44}},"18":{"start":{"line":45,"column":0},"end":{"line":45,"column":59}}},"fnMap":{"0":{"name":"buildOutputPath","decl":{"start":{"line":10,"column":9},"end":{"line":10,"column":24}},"loc":{"start":{"line":10,"column":36},"end":{"line":14,"column":1}},"line":10},"1":{"name":"saveResults","decl":{"start":{"line":16,"column":15},"end":{"line":16,"column":26}},"loc":{"start":{"line":16,"column":45},"end":{"line":43,"column":1}},"line":16},"2":{"name":"(anonymous_2)","decl":{"start":{"line":34,"column":33},"end":{"line":34,"column":34}},"loc":{"start":{"line":34,"column":40},"end":{"line":34,"column":78}},"line":34},"3":{"name":"(anonymous_3)","decl":{"start":{"line":38,"column":28},"end":{"line":38,"column":29}},"loc":{"start":{"line":38,"column":35},"end":{"line":40,"column":3}},"line":38}},"branchMap":{"0":{"loc":{"start":{"line":34,"column":40},"end":{"line":34,"column":78}},"type":"cond-expr","locations":[{"start":{"line":34,"column":65},"end":{"line":34,"column":73}},{"start":{"line":34,"column":76},"end":{"line":34,"column":78}}],"line":34}},"s":{"0":1,"1":1,"2":1,"3":2,"4":2,"5":2,"6":1,"7":1,"8":1,"9":1,"10":1,"11":1,"12":1,"13":1,"14":15,"15":1,"16":15,"17":1,"18":1},"f":{"0":2,"1":1,"2":15,"3":15},"b":{"0":[15,0]},"_coverageSchema":"1a1c01bbd47fc00a2c39e90264f33305004495a9","hash":"4dc6ac5c214f5429a256d3bbcb365df419a6be77"}
}
